<component name="libraryTable">
  <library name="junit">
    <CLASSES>
      <root url="jar://$PROJECT_DIR$/lib/test/junit-4.8.2.jar!/" />
    </CLASSES>
    <JAVADOC />
    <SOURCES>
      <root url="jar://$PROJECT_DIR$/lib/IDE/junit-4.8.2-src.jar!/" />
    </SOURCES>
  </library>
</component>